27/10/2021 17:19:18 (Std) 	+-+-+-+-+-+-+-+-+-+-+-+-+-+-+-+-+-+-+-+-+-+-+-+-+-+-+-+-+-+-+-+-+-+-+-+-+-+-+-+
27/10/2021 17:19:18 (Std) 	+                     Crazy Eddie's GUI System - Event log                    +
27/10/2021 17:19:18 (Std) 	+                          (http://www.cegui.org.uk/)                         +
27/10/2021 17:19:18 (Std) 	+-+-+-+-+-+-+-+-+-+-+-+-+-+-+-+-+-+-+-+-+-+-+-+-+-+-+-+-+-+-+-+-+-+-+-+-+-+-+-+

27/10/2021 17:19:18 (Std) 	CEGUI::Logger singleton created. (000001CBA22787C0)
27/10/2021 17:19:18 (Std) 	
27/10/2021 17:19:18 (Std) 	********************************************************************************
27/10/2021 17:19:18 (Std) 	* Important:                                                                   *
27/10/2021 17:19:18 (Std) 	*     To get support at the CEGUI forums, you must post _at least_ the section *
27/10/2021 17:19:18 (Std) 	*     of this log file indicated below.  Failure to do this will result in no  *
27/10/2021 17:19:18 (Std) 	*     support being given; please do not waste our time.                       *
27/10/2021 17:19:18 (Std) 	********************************************************************************
27/10/2021 17:19:18 (Std) 	********************************************************************************
27/10/2021 17:19:18 (Std) 	* -------- START OF ESSENTIAL SECTION TO BE POSTED ON THE FORUM       -------- *
27/10/2021 17:19:18 (Std) 	********************************************************************************
27/10/2021 17:19:18 (Std) 	---- Version: 0.8.7 (Build: Nov  6 2016 Microsoft Windows MSVC++ 14.0 (2015) 64 bit) ----
27/10/2021 17:19:18 (Std) 	---- Renderer module is: CEGUI::Direct3D11Renderer - Official Direct3D 11 based 2nd generation renderer module. ----
27/10/2021 17:19:18 (Std) 	---- XML Parser module is: CEGUI::RapidXMLParser - Official RapidXML based parser module for CEGUI ----
27/10/2021 17:19:18 (Std) 	---- Image Codec module is: STBImageCodec - stb_image.c based image codec ----
27/10/2021 17:19:18 (Std) 	---- Scripting module is: None ----
27/10/2021 17:19:18 (Std) 	********************************************************************************
27/10/2021 17:19:18 (Std) 	* -------- END OF ESSENTIAL SECTION TO BE POSTED ON THE FORUM         -------- *
27/10/2021 17:19:18 (Std) 	********************************************************************************
27/10/2021 17:19:18 (Std) 	
27/10/2021 17:19:18 (Std) 	---- Begining CEGUI System initialisation ----
27/10/2021 17:19:18 (Std) 	[CEGUI::ImageManager] Singleton created (000001CC118FE000)
27/10/2021 17:19:18 (Std) 	[CEGUI::ImageManager] Registered Image type: BasicImage
27/10/2021 17:19:18 (Std) 	CEGUI::FontManager singleton created. (000001CBBC267050)
27/10/2021 17:19:18 (Std) 	CEGUI::WindowFactoryManager singleton created
27/10/2021 17:19:18 (Std) 	CEGUI::WindowManager singleton created (000001CC1193F640)
27/10/2021 17:19:18 (Std) 	CEGUI::SchemeManager singleton created. (000001CBBC2658E0)
27/10/2021 17:19:18 (Std) 	CEGUI::GlobalEventSet singleton created. (000001CBBC2A4370)
27/10/2021 17:19:18 (Std) 	CEGUI::AnimationManager singleton created (000001CC11AF7D80)
27/10/2021 17:19:18 (Std) 	CEGUI::WidgetLookManager singleton created. (000001CC122A8E90)
27/10/2021 17:19:18 (Std) 	CEGUI::WindowRendererManager singleton created (000001CC122A9170)
27/10/2021 17:19:18 (Std) 	CEGUI::RenderEffectManager singleton created (000001CBBC2A4040)
27/10/2021 17:19:18 (Std) 	Created WindowFactory for 'DefaultWindow' windows.
27/10/2021 17:19:18 (Std) 	WindowFactory for 'DefaultWindow' windows added. (000001CBA8385720)
27/10/2021 17:19:18 (Std) 	Created WindowFactory for 'DragContainer' windows.
27/10/2021 17:19:18 (Std) 	WindowFactory for 'DragContainer' windows added. (000001CBA83866E0)
27/10/2021 17:19:18 (Std) 	Created WindowFactory for 'ScrolledContainer' windows.
27/10/2021 17:19:18 (Std) 	WindowFactory for 'ScrolledContainer' windows added. (000001CBA83861A0)
27/10/2021 17:19:18 (Std) 	Created WindowFactory for 'ClippedContainer' windows.
27/10/2021 17:19:18 (Std) 	WindowFactory for 'ClippedContainer' windows added. (000001CBA83857E0)
27/10/2021 17:19:18 (Std) 	Created WindowFactory for 'CEGUI/PushButton' windows.
27/10/2021 17:19:18 (Std) 	WindowFactory for 'CEGUI/PushButton' windows added. (000001CBA8386920)
27/10/2021 17:19:18 (Std) 	Created WindowFactory for 'CEGUI/RadioButton' windows.
27/10/2021 17:19:18 (Std) 	WindowFactory for 'CEGUI/RadioButton' windows added. (000001CBA8386AA0)
27/10/2021 17:19:18 (Std) 	Created WindowFactory for 'CEGUI/Combobox' windows.
27/10/2021 17:19:18 (Std) 	WindowFactory for 'CEGUI/Combobox' windows added. (000001CBA8386F20)
27/10/2021 17:19:18 (Std) 	Created WindowFactory for 'CEGUI/ComboDropList' windows.
27/10/2021 17:19:18 (Std) 	WindowFactory for 'CEGUI/ComboDropList' windows added. (000001CBA8386FE0)
27/10/2021 17:19:18 (Std) 	Created WindowFactory for 'CEGUI/Editbox' windows.
27/10/2021 17:19:18 (Std) 	WindowFactory for 'CEGUI/Editbox' windows added. (000001CBA83858A0)
27/10/2021 17:19:18 (Std) 	Created WindowFactory for 'CEGUI/FrameWindow' windows.
27/10/2021 17:19:18 (Std) 	WindowFactory for 'CEGUI/FrameWindow' windows added. (000001CBA8385D20)
27/10/2021 17:19:18 (Std) 	Created WindowFactory for 'CEGUI/ItemEntry' windows.
27/10/2021 17:19:18 (Std) 	WindowFactory for 'CEGUI/ItemEntry' windows added. (000001CBA8385960)
27/10/2021 17:19:18 (Std) 	Created WindowFactory for 'CEGUI/Listbox' windows.
27/10/2021 17:19:18 (Std) 	WindowFactory for 'CEGUI/Listbox' windows added. (000001CBA8385A20)
27/10/2021 17:19:18 (Std) 	Created WindowFactory for 'CEGUI/ListHeader' windows.
27/10/2021 17:19:18 (Std) 	WindowFactory for 'CEGUI/ListHeader' windows added. (000001CBA8385BA0)
27/10/2021 17:19:18 (Std) 	Created WindowFactory for 'CEGUI/ListHeaderSegment' windows.
27/10/2021 17:19:18 (Std) 	WindowFactory for 'CEGUI/ListHeaderSegment' windows added. (000001CBA8385DE0)
27/10/2021 17:19:18 (Std) 	Created WindowFactory for 'CEGUI/Menubar' windows.
27/10/2021 17:19:18 (Std) 	WindowFactory for 'CEGUI/Menubar' windows added. (000001CBA83867A0)
27/10/2021 17:19:18 (Std) 	Created WindowFactory for 'CEGUI/PopupMenu' windows.
27/10/2021 17:19:18 (Std) 	WindowFactory for 'CEGUI/PopupMenu' windows added. (000001CBA837E5E0)
27/10/2021 17:19:18 (Std) 	Created WindowFactory for 'CEGUI/MenuItem' windows.
27/10/2021 17:19:18 (Std) 	WindowFactory for 'CEGUI/MenuItem' windows added. (000001CBA837F5A0)
27/10/2021 17:19:18 (Std) 	Created WindowFactory for 'CEGUI/MultiColumnList' windows.
27/10/2021 17:19:18 (Std) 	WindowFactory for 'CEGUI/MultiColumnList' windows added. (000001CBA83803E0)
27/10/2021 17:19:18 (Std) 	Created WindowFactory for 'CEGUI/MultiLineEditbox' windows.
27/10/2021 17:19:18 (Std) 	WindowFactory for 'CEGUI/MultiLineEditbox' windows added. (000001CBA83806E0)
27/10/2021 17:19:18 (Std) 	Created WindowFactory for 'CEGUI/ProgressBar' windows.
27/10/2021 17:19:18 (Std) 	WindowFactory for 'CEGUI/ProgressBar' windows added. (000001CBA837E220)
27/10/2021 17:19:18 (Std) 	Created WindowFactory for 'CEGUI/ScrollablePane' windows.
27/10/2021 17:19:18 (Std) 	WindowFactory for 'CEGUI/ScrollablePane' windows added. (000001CBA8380B60)
27/10/2021 17:19:18 (Std) 	Created WindowFactory for 'CEGUI/Scrollbar' windows.
27/10/2021 17:19:18 (Std) 	WindowFactory for 'CEGUI/Scrollbar' windows added. (000001CBA8380C20)
27/10/2021 17:19:18 (Std) 	Created WindowFactory for 'CEGUI/Slider' windows.
27/10/2021 17:19:18 (Std) 	WindowFactory for 'CEGUI/Slider' windows added. (000001CBA837EEE0)
27/10/2021 17:19:18 (Std) 	Created WindowFactory for 'CEGUI/Spinner' windows.
27/10/2021 17:19:18 (Std) 	WindowFactory for 'CEGUI/Spinner' windows added. (000001CBA83801A0)
27/10/2021 17:19:18 (Std) 	Created WindowFactory for 'CEGUI/TabButton' windows.
27/10/2021 17:19:18 (Std) 	WindowFactory for 'CEGUI/TabButton' windows added. (000001CBA8380CE0)
27/10/2021 17:19:18 (Std) 	Created WindowFactory for 'CEGUI/TabControl' windows.
27/10/2021 17:19:18 (Std) 	WindowFactory for 'CEGUI/TabControl' windows added. (000001CBA837ED60)
27/10/2021 17:19:18 (Std) 	Created WindowFactory for 'CEGUI/Thumb' windows.
27/10/2021 17:19:18 (Std) 	WindowFactory for 'CEGUI/Thumb' windows added. (000001CBA837E0A0)
27/10/2021 17:19:18 (Std) 	Created WindowFactory for 'CEGUI/Titlebar' windows.
27/10/2021 17:19:18 (Std) 	WindowFactory for 'CEGUI/Titlebar' windows added. (000001CBA8380260)
27/10/2021 17:19:18 (Std) 	Created WindowFactory for 'CEGUI/ToggleButton' windows.
27/10/2021 17:19:18 (Std) 	WindowFactory for 'CEGUI/ToggleButton' windows added. (000001CBA837E3A0)
27/10/2021 17:19:18 (Std) 	Created WindowFactory for 'CEGUI/Tooltip' windows.
27/10/2021 17:19:18 (Std) 	WindowFactory for 'CEGUI/Tooltip' windows added. (000001CBA837E9A0)
27/10/2021 17:19:18 (Std) 	Created WindowFactory for 'CEGUI/ItemListbox' windows.
27/10/2021 17:19:18 (Std) 	WindowFactory for 'CEGUI/ItemListbox' windows added. (000001CBA837E760)
27/10/2021 17:19:18 (Std) 	Created WindowFactory for 'CEGUI/GroupBox' windows.
27/10/2021 17:19:18 (Std) 	WindowFactory for 'CEGUI/GroupBox' windows added. (000001CBA837F720)
27/10/2021 17:19:18 (Std) 	Created WindowFactory for 'CEGUI/Tree' windows.
27/10/2021 17:19:18 (Std) 	WindowFactory for 'CEGUI/Tree' windows added. (000001CBA837E820)
27/10/2021 17:19:18 (Std) 	Created WindowFactory for 'LayoutCell' windows.
27/10/2021 17:19:18 (Std) 	WindowFactory for 'LayoutCell' windows added. (000001CBA837E8E0)
27/10/2021 17:19:18 (Std) 	Created WindowFactory for 'HorizontalLayoutContainer' windows.
27/10/2021 17:19:18 (Std) 	WindowFactory for 'HorizontalLayoutContainer' windows added. (000001CBA837EA60)
27/10/2021 17:19:18 (Std) 	Created WindowFactory for 'VerticalLayoutContainer' windows.
27/10/2021 17:19:18 (Std) 	WindowFactory for 'VerticalLayoutContainer' windows added. (000001CBA837F8A0)
27/10/2021 17:19:18 (Std) 	Created WindowFactory for 'GridLayoutContainer' windows.
27/10/2021 17:19:18 (Std) 	WindowFactory for 'GridLayoutContainer' windows added. (000001CBA837EB20)
27/10/2021 17:19:18 (Std) 	CEGUI::System singleton created. (000001CC38F33290)
27/10/2021 17:19:18 (Std) 	---- CEGUI System initialisation completed ----
27/10/2021 17:19:18 (Std) 	
27/10/2021 17:19:18 (Std) 	[Special K] ---- Log File Moved ----
27/10/2021 17:19:18 (Std) 	
27/10/2021 17:19:18 (Std) 	Started creation of Scheme from XML specification:
27/10/2021 17:19:18 (Std) 	---- CEGUI GUIScheme name: VanillaSkin
27/10/2021 17:19:18 (Std) 	[ImageManager] Started creation of Imageset from XML specification:
27/10/2021 17:19:18 (Std) 	[ImageManager] ---- CEGUI Imageset name: Vanilla-Images
27/10/2021 17:19:18 (Std) 	[ImageManager] ---- Source texture file: vanilla.png
27/10/2021 17:19:18 (Std) 	[ImageManager] ---- Source texture resource group: (Default)
27/10/2021 17:19:18 (Std) 	[Direct3D11Renderer] Created texture: Vanilla-Images
27/10/2021 17:19:18 (Std) 	[ImageManager] Created image: 'Vanilla-Images/GenericBrush' (000001CBBBE5C910) of type: BasicImage
27/10/2021 17:19:18 (Std) 	[ImageManager] Created image: 'Vanilla-Images/FrameTopLeft' (000001CBBBE59F70) of type: BasicImage
27/10/2021 17:19:18 (Std) 	[ImageManager] Created image: 'Vanilla-Images/FrameTopRight' (000001CBBBE5B5F0) of type: BasicImage
27/10/2021 17:19:18 (Std) 	[ImageManager] Created image: 'Vanilla-Images/FrameBottomLeft' (000001CBBBE591F0) of type: BasicImage
27/10/2021 17:19:18 (Std) 	[ImageManager] Created image: 'Vanilla-Images/FrameBottomRight' (000001CBBBE5B050) of type: BasicImage
27/10/2021 17:19:18 (Std) 	[ImageManager] Created image: 'Vanilla-Images/FrameLeft' (000001CBBBE590D0) of type: BasicImage
27/10/2021 17:19:18 (Std) 	[ImageManager] Created image: 'Vanilla-Images/FrameRight' (000001CBBBE59550) of type: BasicImage
27/10/2021 17:19:18 (Std) 	[ImageManager] Created image: 'Vanilla-Images/FrameTop' (000001CBBBE5ABD0) of type: BasicImage
27/10/2021 17:19:18 (Std) 	[ImageManager] Created image: 'Vanilla-Images/FrameBottom' (000001CBBBE5C490) of type: BasicImage
27/10/2021 17:19:18 (Std) 	[ImageManager] Created image: 'Vanilla-Images/ScrollUpArrow' (000001CBBBE5CB50) of type: BasicImage
27/10/2021 17:19:18 (Std) 	[ImageManager] Created image: 'Vanilla-Images/ScrollDownArrow' (000001CBBBE5CFD0) of type: BasicImage
27/10/2021 17:19:18 (Std) 	[ImageManager] Created image: 'Vanilla-Images/VertScrollContainer' (000001CBBBE5A090) of type: BasicImage
27/10/2021 17:19:18 (Std) 	[ImageManager] Created image: 'Vanilla-Images/ScrollLeftArrow' (000001CBBBE5BDD0) of type: BasicImage
27/10/2021 17:19:18 (Std) 	[ImageManager] Created image: 'Vanilla-Images/ScrollRightArrow' (000001CBBBE59310) of type: BasicImage
27/10/2021 17:19:18 (Std) 	[ImageManager] Created image: 'Vanilla-Images/HorzScrollContainer' (000001CBBBE5A1B0) of type: BasicImage
27/10/2021 17:19:18 (Std) 	[ImageManager] Created image: 'Vanilla-Images/ScrollbarThumb' (000001CBBBE59670) of type: BasicImage
27/10/2021 17:19:18 (Std) 	[ImageManager] Created image: 'Vanilla-Images/ShadowBrush' (000001CBBBE5B950) of type: BasicImage
27/10/2021 17:19:18 (Std) 	[ImageManager] Created image: 'Vanilla-Images/MouseArrow' (000001CBBBE5A2D0) of type: BasicImage
27/10/2021 17:19:18 (Std) 	[ImageManager] Created image: 'Vanilla-Images/CheckboxNormal' (000001CBBBE5A870) of type: BasicImage
27/10/2021 17:19:18 (Std) 	[ImageManager] Created image: 'Vanilla-Images/CheckboxHover' (000001CBBBE59430) of type: BasicImage
27/10/2021 17:19:18 (Std) 	[ImageManager] Created image: 'Vanilla-Images/CheckboxMark' (000001CBBBE5BA70) of type: BasicImage
27/10/2021 17:19:18 (Std) 	[ImageManager] Created image: 'Vanilla-Images/RadioButtonNormal' (000001CBBBE5A990) of type: BasicImage
27/10/2021 17:19:18 (Std) 	[ImageManager] Created image: 'Vanilla-Images/RadioButtonHover' (000001CBBBE59790) of type: BasicImage
27/10/2021 17:19:18 (Std) 	[ImageManager] Created image: 'Vanilla-Images/RadioButtonMark' (000001CBBBE5BEF0) of type: BasicImage
27/10/2021 17:19:18 (Std) 	[ImageManager] Created image: 'Vanilla-Images/SliderScrollUpArrow' (000001CBBBE5D0F0) of type: BasicImage
27/10/2021 17:19:18 (Std) 	[ImageManager] Created image: 'Vanilla-Images/SliderScrollDownArrow' (000001CBBBE598B0) of type: BasicImage
27/10/2021 17:19:18 (Std) 	[ImageManager] Created image: 'Vanilla-Images/SliderScrollLeftArrow' (000001CBBBE5AAB0) of type: BasicImage
27/10/2021 17:19:18 (Std) 	[ImageManager] Created image: 'Vanilla-Images/SliderScrollRightArrow' (000001CBBBE5AF30) of type: BasicImage
27/10/2021 17:19:18 (Std) 	[ImageManager] Created image: 'Vanilla-Images/VerticalImageSliderThumb' (000001CBBBE5AE10) of type: BasicImage
27/10/2021 17:19:18 (Std) 	[ImageManager] Created image: 'Vanilla-Images/HorizontalImageSliderThumb' (000001CBBBE5BB90) of type: BasicImage
27/10/2021 17:19:18 (Std) 	[ImageManager] Created image: 'Vanilla-Images/VerticalImageSliderContainer' (000001CBBBE6C1B0) of type: BasicImage
27/10/2021 17:19:18 (Std) 	[ImageManager] Created image: 'Vanilla-Images/HorizontalImageSliderContainer' (000001CBBBE6CCF0) of type: BasicImage
27/10/2021 17:19:18 (Std) 	[ImageManager] Created image: 'Vanilla-Images/DefaultScrollImage' (000001CBBBE6B670) of type: BasicImage
27/10/2021 17:19:18 (Std) 	[ImageManager] Created image: 'Vanilla-Images/VerticalImageSliderTopEnd' (000001CBBBE6B790) of type: BasicImage
27/10/2021 17:19:18 (Std) 	[ImageManager] Created image: 'Vanilla-Images/VerticalImageSliderBottomEnd' (000001CBBBE6CE10) of type: BasicImage
27/10/2021 17:19:18 (Std) 	[ImageManager] Created image: 'Vanilla-Images/HorizontalImageSliderLeftEnd' (000001CBBBE6CAB0) of type: BasicImage
27/10/2021 17:19:18 (Std) 	[ImageManager] Created image: 'Vanilla-Images/HorizontalImageSliderRightEnd' (000001CBBBE6C750) of type: BasicImage
27/10/2021 17:19:18 (Std) 	[ImageManager] Created image: 'Vanilla-Images/ColourPickerCursor' (000001CBBBE6C630) of type: BasicImage
27/10/2021 17:19:18 (Std) 	[ImageManager] Created image: 'Vanilla-Images/TooltipBottomEdge' (000001CBBBE6B0D0) of type: BasicImage
27/10/2021 17:19:18 (Std) 	[ImageManager] Created image: 'Vanilla-Images/TooltipBottomLeft' (000001CBBBE6B430) of type: BasicImage
27/10/2021 17:19:18 (Std) 	[ImageManager] Created image: 'Vanilla-Images/TooltipTopEdge' (000001CBBBE6B550) of type: BasicImage
27/10/2021 17:19:18 (Std) 	[ImageManager] Created image: 'Vanilla-Images/TooltipTopRight' (000001CBBBE6B1F0) of type: BasicImage
27/10/2021 17:19:18 (Std) 	[ImageManager] Created image: 'Vanilla-Images/TooltipRightEdge' (000001CBBBE6C2D0) of type: BasicImage
27/10/2021 17:19:18 (Std) 	[ImageManager] Created image: 'Vanilla-Images/TooltipTopLeft' (000001CBBBE6B9D0) of type: BasicImage
27/10/2021 17:19:18 (Std) 	[ImageManager] Created image: 'Vanilla-Images/TooltipLeftEdge' (000001CBBBE6B8B0) of type: BasicImage
27/10/2021 17:19:18 (Std) 	[ImageManager] Created image: 'Vanilla-Images/TooltipMiddle' (000001CBBBE6C870) of type: BasicImage
27/10/2021 17:19:18 (Std) 	[ImageManager] Created image: 'Vanilla-Images/TooltipBottomRight' (000001CBBBE6BAF0) of type: BasicImage
27/10/2021 17:19:18 (Std) 	[ImageManager] Created image: 'Vanilla-Images/DropDownButtonNormal' (000001CBBBE6C3F0) of type: BasicImage
27/10/2021 17:19:18 (Std) 	[ImageManager] Created image: 'Vanilla-Images/DropDownButtonHover' (000001CBBBE6B310) of type: BasicImage
27/10/2021 17:19:18 (Std) 	[ImageManager] Created image: 'Vanilla-Images/DropDownButtonPushed' (000001CBBBE6BD30) of type: BasicImage
27/10/2021 17:19:18 (Std) 	===== Falagard 'root' element: look and feel parsing begins =====
27/10/2021 17:19:18 (Std) 	===== Look and feel parsing completed =====
27/10/2021 17:19:18 (Std) 	No window renderer factories specified for module 'CEGUICoreWindowRendererSet' - adding all available factories...
27/10/2021 17:19:18 (Std) 	Created WindowRendererFactory for 'Core/Button' WindowRenderers.
27/10/2021 17:19:18 (Std) 	WindowRendererFactory 'Core/Button' added. (000001CC121F72A0)
27/10/2021 17:19:18 (Std) 	Created WindowRendererFactory for 'Core/Default' WindowRenderers.
27/10/2021 17:19:18 (Std) 	WindowRendererFactory 'Core/Default' added. (000001CC121F6EE0)
27/10/2021 17:19:18 (Std) 	Created WindowRendererFactory for 'Core/Editbox' WindowRenderers.
27/10/2021 17:19:18 (Std) 	WindowRendererFactory 'Core/Editbox' added. (000001CC121F8320)
27/10/2021 17:19:18 (Std) 	Created WindowRendererFactory for 'Core/FrameWindow' WindowRenderers.
27/10/2021 17:19:18 (Std) 	WindowRendererFactory 'Core/FrameWindow' added. (000001CC121F8B60)
27/10/2021 17:19:18 (Std) 	Created WindowRendererFactory for 'Core/ItemEntry' WindowRenderers.
27/10/2021 17:19:18 (Std) 	WindowRendererFactory 'Core/ItemEntry' added. (000001CC121F8DA0)
27/10/2021 17:19:18 (Std) 	Created WindowRendererFactory for 'Core/ListHeader' WindowRenderers.
27/10/2021 17:19:18 (Std) 	WindowRendererFactory 'Core/ListHeader' added. (000001CC121F89E0)
27/10/2021 17:19:18 (Std) 	Created WindowRendererFactory for 'Core/ListHeaderSegment' WindowRenderers.
27/10/2021 17:19:18 (Std) 	WindowRendererFactory 'Core/ListHeaderSegment' added. (000001CC121F68E0)
27/10/2021 17:19:18 (Std) 	Created WindowRendererFactory for 'Core/Listbox' WindowRenderers.
27/10/2021 17:19:18 (Std) 	WindowRendererFactory 'Core/Listbox' added. (000001CC121F8620)
27/10/2021 17:19:18 (Std) 	Created WindowRendererFactory for 'Core/Menubar' WindowRenderers.
27/10/2021 17:19:18 (Std) 	WindowRendererFactory 'Core/Menubar' added. (000001CC121F6BE0)
27/10/2021 17:19:18 (Std) 	Created WindowRendererFactory for 'Core/MenuItem' WindowRenderers.
27/10/2021 17:19:18 (Std) 	WindowRendererFactory 'Core/MenuItem' added. (000001CC121F86E0)
27/10/2021 17:19:18 (Std) 	Created WindowRendererFactory for 'Core/MultiColumnList' WindowRenderers.
27/10/2021 17:19:18 (Std) 	WindowRendererFactory 'Core/MultiColumnList' added. (000001CC121F83E0)
27/10/2021 17:19:18 (Std) 	Created WindowRendererFactory for 'Core/MultiLineEditbox' WindowRenderers.
27/10/2021 17:19:18 (Std) 	WindowRendererFactory 'Core/MultiLineEditbox' added. (000001CC121F7120)
27/10/2021 17:19:18 (Std) 	Created WindowRendererFactory for 'Core/PopupMenu' WindowRenderers.
27/10/2021 17:19:18 (Std) 	WindowRendererFactory 'Core/PopupMenu' added. (000001CC121F65E0)
27/10/2021 17:19:18 (Std) 	Created WindowRendererFactory for 'Core/ProgressBar' WindowRenderers.
27/10/2021 17:19:18 (Std) 	WindowRendererFactory 'Core/ProgressBar' added. (000001CC121F8E60)
27/10/2021 17:19:18 (Std) 	Created WindowRendererFactory for 'Core/ScrollablePane' WindowRenderers.
27/10/2021 17:19:18 (Std) 	WindowRendererFactory 'Core/ScrollablePane' added. (000001CC121F69A0)
27/10/2021 17:19:18 (Std) 	Created WindowRendererFactory for 'Core/Scrollbar' WindowRenderers.
27/10/2021 17:19:18 (Std) 	WindowRendererFactory 'Core/Scrollbar' added. (000001CC121F8F20)
27/10/2021 17:19:18 (Std) 	Created WindowRendererFactory for 'Core/Slider' WindowRenderers.
27/10/2021 17:19:18 (Std) 	WindowRendererFactory 'Core/Slider' added. (000001CC121F75A0)
27/10/2021 17:19:18 (Std) 	Created WindowRendererFactory for 'Core/Static' WindowRenderers.
27/10/2021 17:19:18 (Std) 	WindowRendererFactory 'Core/Static' added. (000001CC121F84A0)
27/10/2021 17:19:18 (Std) 	Created WindowRendererFactory for 'Core/StaticImage' WindowRenderers.
27/10/2021 17:19:18 (Std) 	WindowRendererFactory 'Core/StaticImage' added. (000001CC121F7DE0)
27/10/2021 17:19:18 (Std) 	Created WindowRendererFactory for 'Core/StaticText' WindowRenderers.
27/10/2021 17:19:18 (Std) 	WindowRendererFactory 'Core/StaticText' added. (000001CC121F7F60)
27/10/2021 17:19:18 (Std) 	Created WindowRendererFactory for 'Core/TabButton' WindowRenderers.
27/10/2021 17:19:18 (Std) 	WindowRendererFactory 'Core/TabButton' added. (000001CC121F9160)
27/10/2021 17:19:18 (Std) 	Created WindowRendererFactory for 'Core/TabControl' WindowRenderers.
27/10/2021 17:19:18 (Std) 	WindowRendererFactory 'Core/TabControl' added. (000001CC121F66A0)
27/10/2021 17:19:18 (Std) 	Created WindowRendererFactory for 'Core/Titlebar' WindowRenderers.
27/10/2021 17:19:18 (Std) 	WindowRendererFactory 'Core/Titlebar' added. (000001CC121F8FE0)
27/10/2021 17:19:18 (Std) 	Created WindowRendererFactory for 'Core/ToggleButton' WindowRenderers.
27/10/2021 17:19:18 (Std) 	WindowRendererFactory 'Core/ToggleButton' added. (000001CC121F7720)
27/10/2021 17:19:18 (Std) 	Created WindowRendererFactory for 'Core/Tooltip' WindowRenderers.
27/10/2021 17:19:18 (Std) 	WindowRendererFactory 'Core/Tooltip' added. (000001CC121F90A0)
27/10/2021 17:19:18 (Std) 	Created WindowRendererFactory for 'Core/ItemListbox' WindowRenderers.
27/10/2021 17:19:18 (Std) 	WindowRendererFactory 'Core/ItemListbox' added. (000001CC121F6FA0)
27/10/2021 17:19:18 (Std) 	Created WindowRendererFactory for 'Core/Tree' WindowRenderers.
27/10/2021 17:19:18 (Std) 	WindowRendererFactory 'Core/Tree' added. (000001CC121F87A0)
27/10/2021 17:19:18 (Std) 	Creating falagard mapping for type 'Vanilla/Label' using base type 'DefaultWindow', window renderer 'Core/Default' Look'N'Feel 'Vanilla/Label' and RenderEffect ''. (00000008689FC660)
27/10/2021 17:19:18 (Std) 	Creating falagard mapping for type 'Vanilla/Titlebar' using base type 'CEGUI/Titlebar', window renderer 'Core/Titlebar' Look'N'Feel 'Vanilla/Titlebar' and RenderEffect ''. (00000008689FC660)
27/10/2021 17:19:18 (Std) 	Creating falagard mapping for type 'Vanilla/Button' using base type 'CEGUI/PushButton', window renderer 'Core/Button' Look'N'Feel 'Vanilla/Button' and RenderEffect ''. (00000008689FC660)
27/10/2021 17:19:18 (Std) 	Creating falagard mapping for type 'Vanilla/FrameWindow' using base type 'CEGUI/FrameWindow', window renderer 'Core/FrameWindow' Look'N'Feel 'Vanilla/FrameWindow' and RenderEffect ''. (00000008689FC660)
27/10/2021 17:19:18 (Std) 	Creating falagard mapping for type 'Vanilla/Editbox' using base type 'CEGUI/Editbox', window renderer 'Core/Editbox' Look'N'Feel 'Vanilla/Editbox' and RenderEffect ''. (00000008689FC660)
27/10/2021 17:19:18 (Std) 	Creating falagard mapping for type 'Vanilla/VerticalScrollbarThumb' using base type 'CEGUI/Thumb', window renderer 'Core/Button' Look'N'Feel 'Vanilla/VerticalScrollbarThumb' and RenderEffect ''. (00000008689FC660)
27/10/2021 17:19:18 (Std) 	Creating falagard mapping for type 'Vanilla/VerticalScrollbar' using base type 'CEGUI/Scrollbar', window renderer 'Core/Scrollbar' Look'N'Feel 'Vanilla/VerticalScrollbar' and RenderEffect ''. (00000008689FC660)
27/10/2021 17:19:18 (Std) 	Creating falagard mapping for type 'Vanilla/HorizontalScrollbarThumb' using base type 'CEGUI/Thumb', window renderer 'Core/Button' Look'N'Feel 'Vanilla/HorizontalScrollbarThumb' and RenderEffect ''. (00000008689FC660)
27/10/2021 17:19:18 (Std) 	Creating falagard mapping for type 'Vanilla/HorizontalScrollbar' using base type 'CEGUI/Scrollbar', window renderer 'Core/Scrollbar' Look'N'Feel 'Vanilla/HorizontalScrollbar' and RenderEffect ''. (00000008689FC660)
27/10/2021 17:19:18 (Std) 	Creating falagard mapping for type 'Vanilla/StaticImage' using base type 'DefaultWindow', window renderer 'Core/StaticImage' Look'N'Feel 'Vanilla/StaticImage' and RenderEffect ''. (00000008689FC660)
27/10/2021 17:19:18 (Std) 	Creating falagard mapping for type 'Vanilla/StaticText' using base type 'DefaultWindow', window renderer 'Core/StaticText' Look'N'Feel 'Vanilla/StaticText' and RenderEffect ''. (00000008689FC660)
27/10/2021 17:19:18 (Std) 	Creating falagard mapping for type 'Vanilla/Listbox' using base type 'CEGUI/Listbox', window renderer 'Core/Listbox' Look'N'Feel 'Vanilla/Listbox' and RenderEffect ''. (00000008689FC660)
27/10/2021 17:19:18 (Std) 	Creating falagard mapping for type 'Vanilla/MultiLineEditbox' using base type 'CEGUI/MultiLineEditbox', window renderer 'Core/MultiLineEditbox' Look'N'Feel 'Vanilla/MultiLineEditbox' and RenderEffect ''. (00000008689FC660)
27/10/2021 17:19:18 (Std) 	Creating falagard mapping for type 'Vanilla/ComboDropList' using base type 'CEGUI/ComboDropList', window renderer 'Core/Listbox' Look'N'Feel 'Vanilla/ComboDropList' and RenderEffect ''. (00000008689FC660)
27/10/2021 17:19:18 (Std) 	Creating falagard mapping for type 'Vanilla/Combobox' using base type 'CEGUI/Combobox', window renderer 'Core/Default' Look'N'Feel 'Vanilla/Combobox' and RenderEffect ''. (00000008689FC660)
27/10/2021 17:19:18 (Std) 	Creating falagard mapping for type 'Vanilla/ProgressBar' using base type 'CEGUI/ProgressBar', window renderer 'Core/ProgressBar' Look'N'Feel 'Vanilla/ProgressBar' and RenderEffect ''. (00000008689FC660)
27/10/2021 17:19:18 (Std) 	Creating falagard mapping for type 'Vanilla/Checkbox' using base type 'CEGUI/ToggleButton', window renderer 'Core/ToggleButton' Look'N'Feel 'Vanilla/Checkbox' and RenderEffect ''. (00000008689FC660)
27/10/2021 17:19:18 (Std) 	Creating falagard mapping for type 'Vanilla/RadioButton' using base type 'CEGUI/RadioButton', window renderer 'Core/ToggleButton' Look'N'Feel 'Vanilla/RadioButton' and RenderEffect ''. (00000008689FC660)
27/10/2021 17:19:18 (Std) 	Creating falagard mapping for type 'Vanilla/Tooltip' using base type 'CEGUI/Tooltip', window renderer 'Core/Tooltip' Look'N'Feel 'Vanilla/Tooltip' and RenderEffect ''. (00000008689FC660)
27/10/2021 17:19:18 (Std) 	Started creation of Scheme from XML specification:
27/10/2021 17:19:18 (Std) 	---- CEGUI GUIScheme name: TaharezLook
27/10/2021 17:19:18 (Std) 	[ImageManager] Started creation of Imageset from XML specification:
27/10/2021 17:19:18 (Std) 	[ImageManager] ---- CEGUI Imageset name: TaharezLook
27/10/2021 17:19:18 (Std) 	[ImageManager] ---- Source texture file: TaharezLook.png
27/10/2021 17:19:18 (Std) 	[ImageManager] ---- Source texture resource group: (Default)
27/10/2021 17:19:18 (Std) 	[Direct3D11Renderer] Created texture: TaharezLook
27/10/2021 17:19:18 (Std) 	[ImageManager] Created image: 'TaharezLook/ClientBrush' (000001CBBBE30570) of type: BasicImage
27/10/2021 17:19:18 (Std) 	[ImageManager] Created image: 'TaharezLook/GenericBrush' (000001CBBBE2C670) of type: BasicImage
27/10/2021 17:19:18 (Std) 	[ImageManager] Created image: 'TaharezLook/WindowLeftEdge' (000001CBBBE2D750) of type: BasicImage
27/10/2021 17:19:18 (Std) 	[ImageManager] Created image: 'TaharezLook/WindowRightEdge' (000001CBBBE2DF30) of type: BasicImage
27/10/2021 17:19:18 (Std) 	[ImageManager] Created image: 'TaharezLook/WindowTopEdge' (000001CBBBE2E290) of type: BasicImage
27/10/2021 17:19:18 (Std) 	[ImageManager] Created image: 'TaharezLook/WindowBottomEdge' (000001CBBBE2E3B0) of type: BasicImage
27/10/2021 17:19:18 (Std) 	[ImageManager] Created image: 'TaharezLook/WindowTopLeft' (000001CBBBE2E4D0) of type: BasicImage
27/10/2021 17:19:18 (Std) 	[ImageManager] Created image: 'TaharezLook/WindowTopRight' (000001CBBBE32190) of type: BasicImage
27/10/2021 17:19:18 (Std) 	[ImageManager] Created image: 'TaharezLook/WindowBottomLeft' (000001CBBBE31890) of type: BasicImage
27/10/2021 17:19:18 (Std) 	[ImageManager] Created image: 'TaharezLook/WindowBottomRight' (000001CBBBE33C90) of type: BasicImage
27/10/2021 17:19:18 (Std) 	[ImageManager] Created image: 'TaharezLook/ButtonLeftNormal' (000001CBBBE32970) of type: BasicImage
27/10/2021 17:19:18 (Std) 	[ImageManager] Created image: 'TaharezLook/ButtonMiddleNormal' (000001CBBBE34C50) of type: BasicImage
27/10/2021 17:19:18 (Std) 	[ImageManager] Created image: 'TaharezLook/ButtonRightNormal' (000001CBBBE33ED0) of type: BasicImage
27/10/2021 17:19:18 (Std) 	[ImageManager] Created image: 'TaharezLook/ButtonLeftPushed' (000001CBBBE30F90) of type: BasicImage
27/10/2021 17:19:18 (Std) 	[ImageManager] Created image: 'TaharezLook/ButtonMiddlePushed' (000001CBBBE34470) of type: BasicImage
27/10/2021 17:19:18 (Std) 	[ImageManager] Created image: 'TaharezLook/ButtonRightPushed' (000001CBBBE30E70) of type: BasicImage
27/10/2021 17:19:18 (Std) 	[ImageManager] Created image: 'TaharezLook/ButtonLeftHighlight' (000001CBBBE33B70) of type: BasicImage
27/10/2021 17:19:18 (Std) 	[ImageManager] Created image: 'TaharezLook/ButtonMiddleHighlight' (000001CBBBE32610) of type: BasicImage
27/10/2021 17:19:18 (Std) 	[ImageManager] Created image: 'TaharezLook/ButtonRightHighlight' (000001CBBBE30D50) of type: BasicImage
27/10/2021 17:19:18 (Std) 	[ImageManager] Created image: 'TaharezLook/CheckboxNormal' (000001CBBBE310B0) of type: BasicImage
27/10/2021 17:19:18 (Std) 	[ImageManager] Created image: 'TaharezLook/CheckboxHover' (000001CBBBE31530) of type: BasicImage
27/10/2021 17:19:18 (Std) 	[ImageManager] Created image: 'TaharezLook/CheckboxMark' (000001CBBBE34FB0) of type: BasicImage
27/10/2021 17:19:18 (Std) 	[ImageManager] Created image: 'TaharezLook/RadioButtonNormal' (000001CBBBE309F0) of type: BasicImage
27/10/2021 17:19:18 (Std) 	[ImageManager] Created image: 'TaharezLook/RadioButtonHover' (000001CBBBE32730) of type: BasicImage
27/10/2021 17:19:18 (Std) 	[ImageManager] Created image: 'TaharezLook/RadioButtonMark' (000001CBBBE33270) of type: BasicImage
27/10/2021 17:19:18 (Std) 	[ImageManager] Created image: 'TaharezLook/TitlebarLeft' (000001CBBBE33810) of type: BasicImage
27/10/2021 17:19:18 (Std) 	[ImageManager] Created image: 'TaharezLook/TitlebarMiddle' (000001CBBBE34110) of type: BasicImage
27/10/2021 17:19:18 (Std) 	[ImageManager] Created image: 'TaharezLook/TitlebarRight' (000001CBBBE33930) of type: BasicImage
27/10/2021 17:19:18 (Std) 	[ImageManager] Created image: 'TaharezLook/NewTitlebarLeft' (000001CBBBE308D0) of type: BasicImage
27/10/2021 17:19:18 (Std) 	[ImageManager] Created image: 'TaharezLook/NewTitlebarMiddle' (000001CBBBE33150) of type: BasicImage
27/10/2021 17:19:18 (Std) 	[ImageManager] Created image: 'TaharezLook/NewTitlebarRight' (000001CBBBE33A50) of type: BasicImage
27/10/2021 17:19:18 (Std) 	[ImageManager] Created image: 'TaharezLook/SysAreaMiddle' (000001CBBBE311D0) of type: BasicImage
27/10/2021 17:19:18 (Std) 	[ImageManager] Created image: 'TaharezLook/SysAreaRight' (000001CBBBE34230) of type: BasicImage
27/10/2021 17:19:18 (Std) 	[ImageManager] Created image: 'TaharezLook/StaticLeft' (000001CBBBE32DF0) of type: BasicImage
27/10/2021 17:19:18 (Std) 	[ImageManager] Created image: 'TaharezLook/StaticRight' (000001CBBBE335D0) of type: BasicImage
27/10/2021 17:19:18 (Std) 	[ImageManager] Created image: 'TaharezLook/StaticTop' (000001CBBBE33390) of type: BasicImage
27/10/2021 17:19:18 (Std) 	[ImageManager] Created image: 'TaharezLook/StaticBottom' (000001CBBBE30B10) of type: BasicImage
27/10/2021 17:19:18 (Std) 	[ImageManager] Created image: 'TaharezLook/StaticTopLeft' (000001CBBBE336F0) of type: BasicImage
27/10/2021 17:19:18 (Std) 	[ImageManager] Created image: 'TaharezLook/StaticTopRight' (000001CBBBE33DB0) of type: BasicImage
27/10/2021 17:19:18 (Std) 	[ImageManager] Created image: 'TaharezLook/StaticBottomLeft' (000001CBBBE30C30) of type: BasicImage
27/10/2021 17:19:18 (Std) 	[ImageManager] Created image: 'TaharezLook/StaticBottomRight' (000001CBBBE312F0) of type: BasicImage
27/10/2021 17:19:18 (Std) 	[ImageManager] Created image: 'TaharezLook/StaticBackdrop' (000001CBBBE31E30) of type: BasicImage
27/10/2021 17:19:18 (Std) 	[ImageManager] Created image: 'TaharezLook/ProgressBarLeft' (000001CBBBE323D0) of type: BasicImage
27/10/2021 17:19:18 (Std) 	[ImageManager] Created image: 'TaharezLook/ProgressBarMiddle' (000001CBBBE34350) of type: BasicImage
27/10/2021 17:19:18 (Std) 	[ImageManager] Created image: 'TaharezLook/ProgressBarRight' (000001CBBBE31410) of type: BasicImage
27/10/2021 17:19:18 (Std) 	[ImageManager] Created image: 'TaharezLook/ProgressBarDimSegment' (000001CBBBE348F0) of type: BasicImage
27/10/2021 17:19:18 (Std) 	[ImageManager] Created image: 'TaharezLook/ProgressBarLitSegment' (000001CBBBE32850) of type: BasicImage
27/10/2021 17:19:18 (Std) 	[ImageManager] Created image: 'TaharezLook/EditBoxLeft' (000001CBBBE34A10) of type: BasicImage
27/10/2021 17:19:18 (Std) 	[ImageManager] Created image: 'TaharezLook/EditBoxMiddle' (000001CBBBE34D70) of type: BasicImage
27/10/2021 17:19:18 (Std) 	[ImageManager] Created image: 'TaharezLook/EditBoxRight' (000001CBBBE319B0) of type: BasicImage
27/10/2021 17:19:18 (Std) 	[ImageManager] Created image: 'TaharezLook/EditBoxCaret' (000001CBBBE32A90) of type: BasicImage
27/10/2021 17:19:18 (Std) 	[ImageManager] Created image: 'TaharezLook/SpinnerUpNormal' (000001CBBBE31650) of type: BasicImage
27/10/2021 17:19:18 (Std) 	[ImageManager] Created image: 'TaharezLook/SpinnerDownNormal' (000001CBBBE32BB0) of type: BasicImage
27/10/2021 17:19:18 (Std) 	[ImageManager] Created image: 'TaharezLook/SpinnerUpHover' (000001CBBBE324F0) of type: BasicImage
27/10/2021 17:19:18 (Std) 	[ImageManager] Created image: 'TaharezLook/SpinnerDownHover' (000001CBBBE32CD0) of type: BasicImage
27/10/2021 17:19:18 (Std) 	[ImageManager] Created image: 'TaharezLook/TextSelectionBrush' (000001CBBBE34E90) of type: BasicImage
27/10/2021 17:19:18 (Std) 	[ImageManager] Created image: 'TaharezLook/VertScrollTop' (000001CBBBE387F0) of type: BasicImage
27/10/2021 17:19:18 (Std) 	[ImageManager] Created image: 'TaharezLook/VertScrollMiddle' (000001CBBBE36090) of type: BasicImage
27/10/2021 17:19:18 (Std) 	[ImageManager] Created image: 'TaharezLook/VertScrollBottom' (000001CBBBE37170) of type: BasicImage
27/10/2021 17:19:18 (Std) 	[ImageManager] Created image: 'TaharezLook/VertScrollBarSegment' (000001CBBBE35C10) of type: BasicImage
27/10/2021 17:19:18 (Std) 	[ImageManager] Created image: 'TaharezLook/VertScrollThumbNormal' (000001CBBBE38250) of type: BasicImage
27/10/2021 17:19:18 (Std) 	[ImageManager] Created image: 'TaharezLook/VertScrollThumbHover' (000001CBBBE38370) of type: BasicImage
27/10/2021 17:19:18 (Std) 	[ImageManager] Created image: 'TaharezLook/VertScrollUpNormal' (000001CBBBE37710) of type: BasicImage
27/10/2021 17:19:18 (Std) 	[ImageManager] Created image: 'TaharezLook/VertScrollDownNormal' (000001CBBBE397B0) of type: BasicImage
27/10/2021 17:19:18 (Std) 	[ImageManager] Created image: 'TaharezLook/VertScrollUpHover' (000001CBBBE37290) of type: BasicImage
27/10/2021 17:19:18 (Std) 	[ImageManager] Created image: 'TaharezLook/VertScrollDownHover' (000001CBBBE39210) of type: BasicImage
27/10/2021 17:19:18 (Std) 	[ImageManager] Created image: 'TaharezLook/MiniVertScrollBarSegment' (000001CBBBE358B0) of type: BasicImage
27/10/2021 17:19:18 (Std) 	[ImageManager] Created image: 'TaharezLook/MiniVertScrollThumbNormal' (000001CBBBE361B0) of type: BasicImage
27/10/2021 17:19:18 (Std) 	[ImageManager] Created image: 'TaharezLook/MiniVertScrollThumbTopNormal' (000001CBBBE359D0) of type: BasicImage
27/10/2021 17:19:18 (Std) 	[ImageManager] Created image: 'TaharezLook/MiniVertScrollThumbMiddleNormal' (000001CBBBE38FD0) of type: BasicImage
27/10/2021 17:19:18 (Std) 	[ImageManager] Created image: 'TaharezLook/MiniVertScrollThumbBottomNormal' (000001CBBBE38B50) of type: BasicImage
27/10/2021 17:19:18 (Std) 	[ImageManager] Created image: 'TaharezLook/MiniVertScrollThumbTopHover' (000001CBBBE386D0) of type: BasicImage
27/10/2021 17:19:18 (Std) 	[ImageManager] Created image: 'TaharezLook/MiniVertScrollThumbMiddleHover' (000001CBBBE35790) of type: BasicImage
27/10/2021 17:19:18 (Std) 	[ImageManager] Created image: 'TaharezLook/MiniVertScrollThumbBottomHover' (000001CBBBE362D0) of type: BasicImage
27/10/2021 17:19:18 (Std) 	[ImageManager] Created image: 'TaharezLook/MiniVertScrollThumbHover' (000001CBBBE35310) of type: BasicImage
27/10/2021 17:19:18 (Std) 	[ImageManager] Created image: 'TaharezLook/MiniVertScrollUpNormal' (000001CBBBE38EB0) of type: BasicImage
27/10/2021 17:19:18 (Std) 	[ImageManager] Created image: 'TaharezLook/MiniVertScrollDownNormal' (000001CBBBE38910) of type: BasicImage
27/10/2021 17:19:18 (Std) 	[ImageManager] Created image: 'TaharezLook/MiniVertScrollUpHover' (000001CBBBE38490) of type: BasicImage
27/10/2021 17:19:18 (Std) 	[ImageManager] Created image: 'TaharezLook/MiniVertScrollDownHover' (000001CBBBE390F0) of type: BasicImage
27/10/2021 17:19:18 (Std) 	[ImageManager] Created image: 'TaharezLook/VertSliderBody' (000001CBBBE351F0) of type: BasicImage
27/10/2021 17:19:18 (Std) 	[ImageManager] Created image: 'TaharezLook/VertSliderThumbNormal' (000001CBBBE35F70) of type: BasicImage
27/10/2021 17:19:18 (Std) 	[ImageManager] Created image: 'TaharezLook/VertSliderThumbHover' (000001CBBBE373B0) of type: BasicImage
27/10/2021 17:19:18 (Std) 	[ImageManager] Created image: 'TaharezLook/MiniHorzScrollBarSegment' (000001CBBBE37050) of type: BasicImage
27/10/2021 17:19:18 (Std) 	[ImageManager] Created image: 'TaharezLook/MiniHorzScrollThumbNormal' (000001CBBBE37950) of type: BasicImage
27/10/2021 17:19:18 (Std) 	[ImageManager] Created image: 'TaharezLook/MiniHorzScrollThumbLeftNormal' (000001CBBBE37CB0) of type: BasicImage
27/10/2021 17:19:18 (Std) 	[ImageManager] Created image: 'TaharezLook/MiniHorzScrollThumbMiddleNormal' (000001CBBBE36630) of type: BasicImage
27/10/2021 17:19:18 (Std) 	[ImageManager] Created image: 'TaharezLook/MiniHorzScrollThumbRightNormal' (000001CBBBE375F0) of type: BasicImage
27/10/2021 17:19:18 (Std) 	[ImageManager] Created image: 'TaharezLook/MiniHorzScrollThumbHover' (000001CBBBE39330) of type: BasicImage
27/10/2021 17:19:18 (Std) 	[ImageManager] Created image: 'TaharezLook/MiniHorzScrollThumbLeftHover' (000001CBBBE350D0) of type: BasicImage
27/10/2021 17:19:18 (Std) 	[ImageManager] Created image: 'TaharezLook/MiniHorzScrollThumbMiddleHover' (000001CBBBE37B90) of type: BasicImage
27/10/2021 17:19:18 (Std) 	[ImageManager] Created image: 'TaharezLook/MiniHorzScrollThumbRightHover' (000001CBBBE35430) of type: BasicImage
27/10/2021 17:19:18 (Std) 	[ImageManager] Created image: 'TaharezLook/MiniHorzScrollLeftNormal' (000001CBBBE39450) of type: BasicImage
27/10/2021 17:19:18 (Std) 	[ImageManager] Created image: 'TaharezLook/MiniHorzScrollRightNormal' (000001CBBBE363F0) of type: BasicImage
27/10/2021 17:19:18 (Std) 	[ImageManager] Created image: 'TaharezLook/MiniHorzScrollLeftHover' (000001CBBBE39570) of type: BasicImage
27/10/2021 17:19:18 (Std) 	[ImageManager] Created image: 'TaharezLook/MiniHorzScrollRightHover' (000001CBBBE38C70) of type: BasicImage
27/10/2021 17:19:18 (Std) 	[ImageManager] Created image: 'TaharezLook/ListboxLeft' (000001CBBBE38130) of type: BasicImage
27/10/2021 17:19:18 (Std) 	[ImageManager] Created image: 'TaharezLook/ListboxRight' (000001CBBBE37DD0) of type: BasicImage
27/10/2021 17:19:18 (Std) 	[ImageManager] Created image: 'TaharezLook/ListboxTop' (000001CBBBE37EF0) of type: BasicImage
27/10/2021 17:19:18 (Std) 	[ImageManager] Created image: 'TaharezLook/ListboxBottom' (000001CBBBE37830) of type: BasicImage
27/10/2021 17:19:18 (Std) 	[ImageManager] Created image: 'TaharezLook/ListboxTopLeft' (000001CBBBE36750) of type: BasicImage
27/10/2021 17:19:18 (Std) 	[ImageManager] Created image: 'TaharezLook/ListboxTopRight' (000001CBBBE38A30) of type: BasicImage
27/10/2021 17:19:18 (Std) 	[ImageManager] Created image: 'TaharezLook/ListboxBottomLeft' (000001CBBBE37A70) of type: BasicImage
27/10/2021 17:19:18 (Std) 	[ImageManager] Created image: 'TaharezLook/ListboxBottomRight' (000001CBBBE35550) of type: BasicImage
27/10/2021 17:19:18 (Std) 	[ImageManager] Created image: 'TaharezLook/ListboxBackdrop' (000001CBBBE35670) of type: BasicImage
27/10/2021 17:19:18 (Std) 	[ImageManager] Created image: 'TaharezLook/ListboxSelectionBrush' (000001CBBBE36510) of type: BasicImage
27/10/2021 17:19:18 (Std) 	[ImageManager] Created image: 'TaharezLook/ComboboxEditLeft' (000001CBBBE38010) of type: BasicImage
27/10/2021 17:19:18 (Std) 	[ImageManager] Created image: 'TaharezLook/ComboboxEditMiddle' (000001CBBBE385B0) of type: BasicImage
27/10/2021 17:19:18 (Std) 	[ImageManager] Created image: 'TaharezLook/ComboboxListButtonNormal' (000001CBBBE38D90) of type: BasicImage
27/10/2021 17:19:18 (Std) 	[ImageManager] Created image: 'TaharezLook/ComboboxListButtonHover' (000001CBBBE39690) of type: BasicImage
27/10/2021 17:19:18 (Std) 	[ImageManager] Created image: 'TaharezLook/ComboboxListLeft' (000001CBBBE36F30) of type: BasicImage
27/10/2021 17:19:18 (Std) 	[ImageManager] Created image: 'TaharezLook/ComboboxListRight' (000001CBBBE36870) of type: BasicImage
27/10/2021 17:19:18 (Std) 	[ImageManager] Created image: 'TaharezLook/ComboboxListTop' (000001CBBBE36BD0) of type: BasicImage
27/10/2021 17:19:18 (Std) 	[ImageManager] Created image: 'TaharezLook/ComboboxListBottom' (000001CBBBE35AF0) of type: BasicImage
27/10/2021 17:19:18 (Std) 	[ImageManager] Created image: 'TaharezLook/ComboboxListTopLeft' (000001CBBBE374D0) of type: BasicImage
27/10/2021 17:19:18 (Std) 	[ImageManager] Created image: 'TaharezLook/ComboboxListTopRight' (000001CBBBE36990) of type: BasicImage
27/10/2021 17:19:18 (Std) 	[ImageManager] Created image: 'TaharezLook/ComboboxListBottomLeft' (000001CBBBE35D30) of type: BasicImage
27/10/2021 17:19:18 (Std) 	[ImageManager] Created image: 'TaharezLook/ComboboxListBottomRight' (000001CBBBE35E50) of type: BasicImage
27/10/2021 17:19:18 (Std) 	[ImageManager] Created image: 'TaharezLook/ComboboxListBackdrop' (000001CBBBE36AB0) of type: BasicImage
27/10/2021 17:19:18 (Std) 	[ImageManager] Created image: 'TaharezLook/ComboboxSelectionBrush' (000001CBBBE36CF0) of type: BasicImage
27/10/2021 17:19:18 (Std) 	[ImageManager] Created image: 'TaharezLook/ComboboxDividerLeft' (000001CBBBE36E10) of type: BasicImage
27/10/2021 17:19:18 (Std) 	[ImageManager] Created image: 'TaharezLook/ComboboxDividerMiddle' (000001CBBBE3B970) of type: BasicImage
27/10/2021 17:19:18 (Std) 	[ImageManager] Created image: 'TaharezLook/ComboboxDividerRight' (000001CBBBE3B850) of type: BasicImage
27/10/2021 17:19:18 (Std) 	[ImageManager] Created image: 'TaharezLook/HeaderBarBackdropNormal' (000001CBBBE3C150) of type: BasicImage
27/10/2021 17:19:18 (Std) 	[ImageManager] Created image: 'TaharezLook/HeaderBarBackdropHover' (000001CBBBE3C4B0) of type: BasicImage
27/10/2021 17:19:18 (Std) 	[ImageManager] Created image: 'TaharezLook/HeaderBarSplitterNormal' (000001CBBBE3CB70) of type: BasicImage
27/10/2021 17:19:18 (Std) 	[ImageManager] Created image: 'TaharezLook/HeaderBarSplitterHover' (000001CBBBE3C810) of type: BasicImage
27/10/2021 17:19:18 (Std) 	[ImageManager] Created image: 'TaharezLook/HeaderBarSortUp' (000001CBBBE3D6B0) of type: BasicImage
27/10/2021 17:19:18 (Std) 	[ImageManager] Created image: 'TaharezLook/HeaderBarSortDown' (000001CBBBE3B730) of type: BasicImage
27/10/2021 17:19:18 (Std) 	[ImageManager] Created image: 'TaharezLook/MultiListLeft' (000001CBBBE3D350) of type: BasicImage
27/10/2021 17:19:18 (Std) 	[ImageManager] Created image: 'TaharezLook/MultiListRight' (000001CBBBE39E70) of type: BasicImage
27/10/2021 17:19:18 (Std) 	[ImageManager] Created image: 'TaharezLook/MultiListTop' (000001CBBBE3BA90) of type: BasicImage
27/10/2021 17:19:18 (Std) 	[ImageManager] Created image: 'TaharezLook/MultiListBottom' (000001CBBBE3DD70) of type: BasicImage
27/10/2021 17:19:18 (Std) 	[ImageManager] Created image: 'TaharezLook/MultiListTopLeft' (000001CBBBE3C6F0) of type: BasicImage
27/10/2021 17:19:18 (Std) 	[ImageManager] Created image: 'TaharezLook/MultiListTopRight' (000001CBBBE3BBB0) of type: BasicImage
27/10/2021 17:19:18 (Std) 	[ImageManager] Created image: 'TaharezLook/MultiListBottomLeft' (000001CBBBE3CC90) of type: BasicImage
27/10/2021 17:19:18 (Std) 	[ImageManager] Created image: 'TaharezLook/MultiListBottomRight' (000001CBBBE3DB30) of type: BasicImage
27/10/2021 17:19:18 (Std) 	[ImageManager] Created image: 'TaharezLook/MultiListBackdrop' (000001CBBBE3DFB0) of type: BasicImage
27/10/2021 17:19:18 (Std) 	[ImageManager] Created image: 'TaharezLook/MultiListSelectionBrush' (000001CBBBE3B610) of type: BasicImage
27/10/2021 17:19:18 (Std) 	[ImageManager] Created image: 'TaharezLook/AltProgressLeft' (000001CBBBE39F90) of type: BasicImage
27/10/2021 17:19:18 (Std) 	[ImageManager] Created image: 'TaharezLook/AltProgressMiddle' (000001CBBBE3BCD0) of type: BasicImage
27/10/2021 17:19:18 (Std) 	[ImageManager] Created image: 'TaharezLook/AltProgressRight' (000001CBBBE3DE90) of type: BasicImage
27/10/2021 17:19:18 (Std) 	[ImageManager] Created image: 'TaharezLook/AltProgressQuarter' (000001CBBBE3C930) of type: BasicImage
27/10/2021 17:19:18 (Std) 	[ImageManager] Created image: 'TaharezLook/AltProgressHalf' (000001CBBBE3A9B0) of type: BasicImage
27/10/2021 17:19:18 (Std) 	[ImageManager] Created image: 'TaharezLook/AltProgressLight1' (000001CBBBE3C5D0) of type: BasicImage
27/10/2021 17:19:18 (Std) 	[ImageManager] Created image: 'TaharezLook/AltProgressLight2' (000001CBBBE3A770) of type: BasicImage
27/10/2021 17:19:18 (Std) 	[ImageManager] Created image: 'TaharezLook/AltProgressLight3' (000001CBBBE3BF10) of type: BasicImage
27/10/2021 17:19:18 (Std) 	[ImageManager] Created image: 'TaharezLook/AltProgressLight4' (000001CBBBE3BDF0) of type: BasicImage
27/10/2021 17:19:18 (Std) 	[ImageManager] Created image: 'TaharezLook/AltProgressLight5' (000001CBBBE3A650) of type: BasicImage
27/10/2021 17:19:18 (Std) 	[ImageManager] Created image: 'TaharezLook/AltProgressLight6' (000001CBBBE3C030) of type: BasicImage
27/10/2021 17:19:18 (Std) 	[ImageManager] Created image: 'TaharezLook/AltProgressLight7' (000001CBBBE3C270) of type: BasicImage
27/10/2021 17:19:18 (Std) 	[ImageManager] Created image: 'TaharezLook/AltProgressLight8' (000001CBBBE3AAD0) of type: BasicImage
27/10/2021 17:19:18 (Std) 	[ImageManager] Created image: 'TaharezLook/AltProgressLight9' (000001CBBBE3C390) of type: BasicImage
27/10/2021 17:19:18 (Std) 	[ImageManager] Created image: 'TaharezLook/AltProgressLight10' (000001CBBBE3CA50) of type: BasicImage
27/10/2021 17:19:18 (Std) 	[ImageManager] Created image: 'TaharezLook/CloseButtonNormal' (000001CBBBE3CFF0) of type: BasicImage
27/10/2021 17:19:18 (Std) 	[ImageManager] Created image: 'TaharezLook/CloseButtonHover' (000001CBBBE3D110) of type: BasicImage
27/10/2021 17:19:18 (Std) 	[ImageManager] Created image: 'TaharezLook/CloseButtonPressed' (000001CBBBE3CDB0) of type: BasicImage
27/10/2021 17:19:18 (Std) 	[ImageManager] Created image: 'TaharezLook/NewCloseButtonNormal' (000001CBBBE3AD10) of type: BasicImage
27/10/2021 17:19:18 (Std) 	[ImageManager] Created image: 'TaharezLook/NewCloseButtonHover' (000001CBBBE398D0) of type: BasicImage
27/10/2021 17:19:18 (Std) 	[ImageManager] Created image: 'TaharezLook/NewCloseButtonPressed' (000001CBBBE3DC50) of type: BasicImage
27/10/2021 17:19:18 (Std) 	[ImageManager] Created image: 'TaharezLook/MultiLineEditboxLeft' (000001CBBBE399F0) of type: BasicImage
27/10/2021 17:19:18 (Std) 	[ImageManager] Created image: 'TaharezLook/MultiLineEditboxRight' (000001CBBBE3DA10) of type: BasicImage
27/10/2021 17:19:18 (Std) 	[ImageManager] Created image: 'TaharezLook/MultiLineEditboxTop' (000001CBBBE3A890) of type: BasicImage
27/10/2021 17:19:18 (Std) 	[ImageManager] Created image: 'TaharezLook/MultiLineEditboxBottom' (000001CBBBE39B10) of type: BasicImage
27/10/2021 17:19:18 (Std) 	[ImageManager] Created image: 'TaharezLook/MultiLineEditboxTopLeft' (000001CBBBE3A2F0) of type: BasicImage
27/10/2021 17:19:18 (Std) 	[ImageManager] Created image: 'TaharezLook/MultiLineEditboxTopRight' (000001CBBBE3ABF0) of type: BasicImage
27/10/2021 17:19:18 (Std) 	[ImageManager] Created image: 'TaharezLook/MultiLineEditboxBottomLeft' (000001CBBBE3B2B0) of type: BasicImage
27/10/2021 17:19:18 (Std) 	[ImageManager] Created image: 'TaharezLook/MultiLineEditboxBottomRight' (000001CBBBE3CED0) of type: BasicImage
27/10/2021 17:19:18 (Std) 	[ImageManager] Created image: 'TaharezLook/MultiLineEditboxBackdrop' (000001CBBBE3D230) of type: BasicImage
27/10/2021 17:19:18 (Std) 	[ImageManager] Created image: 'TaharezLook/MultiLineEditboxSelectionBrush' (000001CBBBE3D470) of type: BasicImage
27/10/2021 17:19:18 (Std) 	[ImageManager] Created image: 'TaharezLook/MouseTarget' (000001CBBBE3D590) of type: BasicImage
27/10/2021 17:19:18 (Std) 	[ImageManager] Created image: 'TaharezLook/MouseArrow' (000001CBBBE3D7D0) of type: BasicImage
27/10/2021 17:19:18 (Std) 	[ImageManager] Created image: 'TaharezLook/MouseMoveCursor' (000001CBBBE39C30) of type: BasicImage
27/10/2021 17:19:18 (Std) 	[ImageManager] Created image: 'TaharezLook/MouseNoSoCursor' (000001CBBBE3D8F0) of type: BasicImage
27/10/2021 17:19:18 (Std) 	[ImageManager] Created image: 'TaharezLook/MouseEsWeCursor' (000001CBBBE39D50) of type: BasicImage
27/10/2021 17:19:18 (Std) 	[ImageManager] Created image: 'TaharezLook/MouseNeSwCursor' (000001CBBBE3A0B0) of type: BasicImage
27/10/2021 17:19:18 (Std) 	[ImageManager] Created image: 'TaharezLook/MouseNwSeCursor' (000001CBBBE3A1D0) of type: BasicImage
27/10/2021 17:19:18 (Std) 	[ImageManager] Created image: 'TaharezLook/MouseTextBar' (000001CBBBE3AF50) of type: BasicImage
27/10/2021 17:19:18 (Std) 	[ImageManager] Created image: 'TaharezLook/TabHorizontalFiller' (000001CBBBE3A410) of type: BasicImage
27/10/2021 17:19:18 (Std) 	[ImageManager] Created image: 'TaharezLook/TabContentPaneUpperLeft' (000001CBBBE3A530) of type: BasicImage
27/10/2021 17:19:18 (Std) 	[ImageManager] Created image: 'TaharezLook/TabContentPaneUpper' (000001CBBBE3AE30) of type: BasicImage
27/10/2021 17:19:18 (Std) 	[ImageManager] Created image: 'TaharezLook/TabContentPaneUpperRight' (000001CBBBE3B070) of type: BasicImage
27/10/2021 17:19:18 (Std) 	[ImageManager] Created image: 'TaharezLook/TabContentPaneLeft' (000001CBBBE3B190) of type: BasicImage
27/10/2021 17:19:18 (Std) 	[ImageManager] Created image: 'TaharezLook/TabContentPaneRight' (000001CBBBE3B3D0) of type: BasicImage
27/10/2021 17:19:18 (Std) 	[ImageManager] Created image: 'TaharezLook/TabContentPaneLower' (000001CBBBE3B4F0) of type: BasicImage
27/10/2021 17:19:18 (Std) 	[ImageManager] Created image: 'TaharezLook/TabContentPaneLowerLeft' (000001CBBBE3F1B0) of type: BasicImage
27/10/2021 17:19:18 (Std) 	[ImageManager] Created image: 'TaharezLook/TabContentPaneLowerRight' (000001CBBBE3FAB0) of type: BasicImage
27/10/2021 17:19:18 (Std) 	[ImageManager] Created image: 'TaharezLook/TabContentPaneMiddle' (000001CBBBE417F0) of type: BasicImage
27/10/2021 17:19:18 (Std) 	[ImageManager] Created image: 'TaharezLook/TabButtonScrollLeftNormal' (000001CBBBE40DD0) of type: BasicImage
27/10/2021 17:19:18 (Std) 	[ImageManager] Created image: 'TaharezLook/TabButtonScrollRightNormal' (000001CBBBE41250) of type: BasicImage
27/10/2021 17:19:18 (Std) 	[ImageManager] Created image: 'TaharezLook/TabButtonScrollLeftHover' (000001CBBBE40170) of type: BasicImage
27/10/2021 17:19:18 (Std) 	[ImageManager] Created image: 'TaharezLook/TabButtonScrollRightHover' (000001CBBBE3E670) of type: BasicImage
27/10/2021 17:19:18 (Std) 	[ImageManager] Created image: 'TaharezLook/TabButtonLeftNormal' (000001CBBBE41130) of type: BasicImage
27/10/2021 17:19:18 (Std) 	[ImageManager] Created image: 'TaharezLook/TabButtonRightNormal' (000001CBBBE415B0) of type: BasicImage
27/10/2021 17:19:18 (Std) 	[ImageManager] Created image: 'TaharezLook/TabButtonUpperNormal' (000001CBBBE404D0) of type: BasicImage
27/10/2021 17:19:18 (Std) 	[ImageManager] Created image: 'TaharezLook/TabButtonLowerNormal' (000001CBBBE3F630) of type: BasicImage
27/10/2021 17:19:18 (Std) 	[ImageManager] Created image: 'TaharezLook/TabButtonUpperLeftNormal' (000001CBBBE3EAF0) of type: BasicImage
27/10/2021 17:19:18 (Std) 	[ImageManager] Created image: 'TaharezLook/TabButtonUpperLeft2Normal' (000001CBBBE41C70) of type: BasicImage
27/10/2021 17:19:18 (Std) 	[ImageManager] Created image: 'TaharezLook/TabButtonUpperRightNormal' (000001CBBBE420F0) of type: BasicImage
27/10/2021 17:19:18 (Std) 	[ImageManager] Created image: 'TaharezLook/TabButtonLowerLeftNormal' (000001CBBBE41D90) of type: BasicImage
27/10/2021 17:19:18 (Std) 	[ImageManager] Created image: 'TaharezLook/TabButtonLowerRightNormal' (000001CBBBE3E790) of type: BasicImage
27/10/2021 17:19:18 (Std) 	[ImageManager] Created image: 'TaharezLook/TabButtonLowerRight2Normal' (000001CBBBE40A70) of type: BasicImage
27/10/2021 17:19:18 (Std) 	[ImageManager] Created image: 'TaharezLook/TabButtonMiddleNormal' (000001CBBBE41A30) of type: BasicImage
27/10/2021 17:19:18 (Std) 	[ImageManager] Created image: 'TaharezLook/TabButtonLeftSelected' (000001CBBBE3FCF0) of type: BasicImage
27/10/2021 17:19:18 (Std) 	[ImageManager] Created image: 'TaharezLook/TabButtonRightSelected' (000001CBBBE40B90) of type: BasicImage
27/10/2021 17:19:18 (Std) 	[ImageManager] Created image: 'TaharezLook/TabButtonUpperSelected' (000001CBBBE41EB0) of type: BasicImage
27/10/2021 17:19:18 (Std) 	[ImageManager] Created image: 'TaharezLook/TabButtonLowerSelected' (000001CBBBE3E550) of type: BasicImage
27/10/2021 17:19:18 (Std) 	[ImageManager] Created image: 'TaharezLook/TabButtonUpperLeftSelected' (000001CBBBE40CB0) of type: BasicImage
27/10/2021 17:19:18 (Std) 	[ImageManager] Created image: 'TaharezLook/TabButtonUpperRightSelected' (000001CBBBE41370) of type: BasicImage
27/10/2021 17:19:18 (Std) 	[ImageManager] Created image: 'TaharezLook/TabButtonLowerLeftSelected' (000001CBBBE3EC10) of type: BasicImage
27/10/2021 17:19:18 (Std) 	[ImageManager] Created image: 'TaharezLook/TabButtonLowerRightSelected' (000001CBBBE41910) of type: BasicImage
27/10/2021 17:19:18 (Std) 	[ImageManager] Created image: 'TaharezLook/TabButtonMiddleSelected' (000001CBBBE41B50) of type: BasicImage
27/10/2021 17:19:18 (Std) 	[ImageManager] Created image: 'TaharezLook/TooltipTopLeft' (000001CBBBE3E0D0) of type: BasicImage
27/10/2021 17:19:18 (Std) 	[ImageManager] Created image: 'TaharezLook/TooltipTopRight' (000001CBBBE3ED30) of type: BasicImage
27/10/2021 17:19:18 (Std) 	[ImageManager] Created image: 'TaharezLook/TooltipBottomLeft' (000001CBBBE41FD0) of type: BasicImage
27/10/2021 17:19:18 (Std) 	[ImageManager] Created image: 'TaharezLook/TooltipBottomRight' (000001CBBBE42210) of type: BasicImage
27/10/2021 17:19:18 (Std) 	[ImageManager] Created image: 'TaharezLook/TooltipLeftEdge' (000001CBBBE42330) of type: BasicImage
27/10/2021 17:19:18 (Std) 	[ImageManager] Created image: 'TaharezLook/TooltipRightEdge' (000001CBBBE42450) of type: BasicImage
27/10/2021 17:19:18 (Std) 	[ImageManager] Created image: 'TaharezLook/TooltipTopEdge' (000001CBBBE3EE50) of type: BasicImage
27/10/2021 17:19:18 (Std) 	[ImageManager] Created image: 'TaharezLook/TooltipBottomEdge' (000001CBBBE3E310) of type: BasicImage
27/10/2021 17:19:18 (Std) 	[ImageManager] Created image: 'TaharezLook/TooltipMiddle' (000001CBBBE42570) of type: BasicImage
27/10/2021 17:19:18 (Std) 	[ImageManager] Created image: 'TaharezLook/MenuTopLeft' (000001CBBBE42690) of type: BasicImage
27/10/2021 17:19:18 (Std) 	[ImageManager] Created image: 'TaharezLook/MenuTopRight' (000001CBBBE427B0) of type: BasicImage
27/10/2021 17:19:18 (Std) 	[ImageManager] Created image: 'TaharezLook/MenuBottomLeft' (000001CBBBE3E1F0) of type: BasicImage
27/10/2021 17:19:18 (Std) 	[ImageManager] Created image: 'TaharezLook/MenuBottomRight' (000001CBBBE3E430) of type: BasicImage
27/10/2021 17:19:18 (Std) 	[ImageManager] Created image: 'TaharezLook/MenuLeft' (000001CBBBE3EF70) of type: BasicImage
27/10/2021 17:19:18 (Std) 	[ImageManager] Created image: 'TaharezLook/MenuRight' (000001CBBBE3F090) of type: BasicImage
27/10/2021 17:19:18 (Std) 	[ImageManager] Created image: 'TaharezLook/MenuTop' (000001CBBBE4A5B0) of type: BasicImage
27/10/2021 17:19:18 (Std) 	[ImageManager] Created image: 'TaharezLook/MenuBottom' (000001CBBBE49EF0) of type: BasicImage
27/10/2021 17:19:18 (Std) 	[ImageManager] Created image: 'TaharezLook/MenuMiddle' (000001CBBBE4AEB0) of type: BasicImage
27/10/2021 17:19:18 (Std) 	[ImageManager] Created image: 'TaharezLook/PopupMenuFrameTopLeft' (000001CBBBE4A7F0) of type: BasicImage
27/10/2021 17:19:18 (Std) 	[ImageManager] Created image: 'TaharezLook/PopupMenuFrameTopRight' (000001CBBBE4A010) of type: BasicImage
27/10/2021 17:19:18 (Std) 	[ImageManager] Created image: 'TaharezLook/PopupMenuFrameBottomLeft' (000001CBBBE4A130) of type: BasicImage
27/10/2021 17:19:18 (Std) 	[ImageManager] Created image: 'TaharezLook/PopupMenuFrameBottomRight' (000001CBBBE4A250) of type: BasicImage
27/10/2021 17:19:18 (Std) 	[ImageManager] Created image: 'TaharezLook/PopupMenuFrameLeft' (000001CBBBE4B8D0) of type: BasicImage
27/10/2021 17:19:18 (Std) 	[ImageManager] Created image: 'TaharezLook/PopupMenuFrameRight' (000001CBBBE4EA50) of type: BasicImage
27/10/2021 17:19:18 (Std) 	[ImageManager] Created image: 'TaharezLook/PopupMenuFrameTop' (000001CBBBE4C2F0) of type: BasicImage
27/10/2021 17:19:18 (Std) 	[ImageManager] Created image: 'TaharezLook/PopupMenuFrameBottom' (000001CBBBE4D730) of type: BasicImage
27/10/2021 17:19:18 (Std) 	[ImageManager] Created image: 'TaharezLook/PopupMenuMiddle' (000001CBBBE4FD70) of type: BasicImage
27/10/2021 17:19:18 (Std) 	[ImageManager] Created image: 'TaharezLook/PopupMenuArrowRight' (000001CBBBE4D2B0) of type: BasicImage
27/10/2021 17:19:18 (Std) 	[ImageManager] Created image: 'TaharezLook/PopupMenuArrowLeft' (000001CBBBE4D3D0) of type: BasicImage
27/10/2021 17:19:18 (Std) 	[ImageManager] Created image: 'TaharezLook/TreeListClosed' (000001CBBBE4C1D0) of type: BasicImage
27/10/2021 17:19:18 (Std) 	[ImageManager] Created image: 'TaharezLook/TreeListOpened' (000001CBBBE4CF50) of type: BasicImage
27/10/2021 17:19:18 (Std) 	[ImageManager] Created image: 'TaharezLook/UpArrow' (000001CBBBE4FC50) of type: BasicImage
27/10/2021 17:19:18 (Std) 	===== Falagard 'root' element: look and feel parsing begins =====
27/10/2021 17:19:18 (Std) 	===== Look and feel parsing completed =====
27/10/2021 17:19:18 (Std) 	No window renderer factories specified for module 'CEGUICoreWindowRendererSet' - adding all available factories...
27/10/2021 17:19:18 (Std) 	Creating falagard mapping for type 'TaharezLook/Label' using base type 'DefaultWindow', window renderer 'Core/Default' Look'N'Feel 'TaharezLook/Label' and RenderEffect ''. (00000008689FC660)
27/10/2021 17:19:18 (Std) 	Creating falagard mapping for type 'TaharezLook/Button' using base type 'CEGUI/PushButton', window renderer 'Core/Button' Look'N'Feel 'TaharezLook/Button' and RenderEffect ''. (00000008689FC660)
27/10/2021 17:19:18 (Std) 	Creating falagard mapping for type 'TaharezLook/Checkbox' using base type 'CEGUI/ToggleButton', window renderer 'Core/ToggleButton' Look'N'Feel 'TaharezLook/Checkbox' and RenderEffect ''. (00000008689FC660)
27/10/2021 17:19:18 (Std) 	Creating falagard mapping for type 'TaharezLook/ImageButton' using base type 'CEGUI/PushButton', window renderer 'Core/Button' Look'N'Feel 'TaharezLook/ImageButton' and RenderEffect ''. (00000008689FC660)
27/10/2021 17:19:18 (Std) 	Creating falagard mapping for type 'TaharezLook/RadioButton' using base type 'CEGUI/RadioButton', window renderer 'Core/ToggleButton' Look'N'Feel 'TaharezLook/RadioButton' and RenderEffect ''. (00000008689FC660)
27/10/2021 17:19:18 (Std) 	Creating falagard mapping for type 'TaharezLook/FrameWindow' using base type 'CEGUI/FrameWindow', window renderer 'Core/FrameWindow' Look'N'Feel 'TaharezLook/FrameWindow' and RenderEffect ''. (00000008689FC660)
27/10/2021 17:19:18 (Std) 	Creating falagard mapping for type 'TaharezLook/Titlebar' using base type 'CEGUI/Titlebar', window renderer 'Core/Titlebar' Look'N'Feel 'TaharezLook/Titlebar' and RenderEffect ''. (00000008689FC660)
27/10/2021 17:19:18 (Std) 	Creating falagard mapping for type 'TaharezLook/Editbox' using base type 'CEGUI/Editbox', window renderer 'Core/Editbox' Look'N'Feel 'TaharezLook/Editbox' and RenderEffect ''. (00000008689FC660)
27/10/2021 17:19:18 (Std) 	Creating falagard mapping for type 'TaharezLook/MultiLineEditbox' using base type 'CEGUI/MultiLineEditbox', window renderer 'Core/MultiLineEditbox' Look'N'Feel 'TaharezLook/MultiLineEditbox' and RenderEffect ''. (00000008689FC660)
27/10/2021 17:19:18 (Std) 	Creating falagard mapping for type 'TaharezLook/Menubar' using base type 'CEGUI/Menubar', window renderer 'Core/Menubar' Look'N'Feel 'TaharezLook/Menubar' and RenderEffect ''. (00000008689FC660)
27/10/2021 17:19:18 (Std) 	Creating falagard mapping for type 'TaharezLook/PopupMenu' using base type 'CEGUI/PopupMenu', window renderer 'Core/PopupMenu' Look'N'Feel 'TaharezLook/PopupMenu' and RenderEffect ''. (00000008689FC660)
27/10/2021 17:19:18 (Std) 	Creating falagard mapping for type 'TaharezLook/MenuItem' using base type 'CEGUI/MenuItem', window renderer 'Core/MenuItem' Look'N'Feel 'TaharezLook/MenuItem' and RenderEffect ''. (00000008689FC660)
27/10/2021 17:19:18 (Std) 	Creating falagard mapping for type 'TaharezLook/AlternateProgressBar' using base type 'CEGUI/ProgressBar', window renderer 'Core/ProgressBar' Look'N'Feel 'TaharezLook/AltProgressBar' and RenderEffect ''. (00000008689FC660)
27/10/2021 17:19:18 (Std) 	Creating falagard mapping for type 'TaharezLook/ProgressBar' using base type 'CEGUI/ProgressBar', window renderer 'Core/ProgressBar' Look'N'Feel 'TaharezLook/ProgressBar' and RenderEffect ''. (00000008689FC660)
27/10/2021 17:19:18 (Std) 	Creating falagard mapping for type 'TaharezLook/VUMeter' using base type 'CEGUI/ProgressBar', window renderer 'Core/ProgressBar' Look'N'Feel 'TaharezLook/VUMeter' and RenderEffect ''. (00000008689FC660)
27/10/2021 17:19:18 (Std) 	Creating falagard mapping for type 'TaharezLook/VerticalScrollbar' using base type 'CEGUI/Scrollbar', window renderer 'Core/Scrollbar' Look'N'Feel 'TaharezLook/VerticalScrollbar' and RenderEffect ''. (00000008689FC660)
27/10/2021 17:19:18 (Std) 	Creating falagard mapping for type 'TaharezLook/HorizontalScrollbar' using base type 'CEGUI/Scrollbar', window renderer 'Core/Scrollbar' Look'N'Feel 'TaharezLook/HorizontalScrollbar' and RenderEffect ''. (00000008689FC660)
27/10/2021 17:19:18 (Std) 	Creating falagard mapping for type 'TaharezLook/VerticalScrollbarThumb' using base type 'CEGUI/Thumb', window renderer 'Core/Button' Look'N'Feel 'TaharezLook/VerticalScrollbarThumb' and RenderEffect ''. (00000008689FC660)
27/10/2021 17:19:18 (Std) 	Creating falagard mapping for type 'TaharezLook/HorizontalScrollbarThumb' using base type 'CEGUI/Thumb', window renderer 'Core/Button' Look'N'Feel 'TaharezLook/HorizontalScrollbarThumb' and RenderEffect ''. (00000008689FC660)
27/10/2021 17:19:18 (Std) 	Creating falagard mapping for type 'TaharezLook/LargeVerticalScrollbar' using base type 'CEGUI/Scrollbar', window renderer 'Core/Scrollbar' Look'N'Feel 'TaharezLook/LargeVerticalScrollbar' and RenderEffect ''. (00000008689FC660)
27/10/2021 17:19:18 (Std) 	Creating falagard mapping for type 'TaharezLook/LargeVerticalScrollbarThumb' using base type 'CEGUI/Thumb', window renderer 'Core/Button' Look'N'Feel 'TaharezLook/LargeVerticalScrollbarThumb' and RenderEffect ''. (00000008689FC660)
27/10/2021 17:19:18 (Std) 	Creating falagard mapping for type 'TaharezLook/TabButton' using base type 'CEGUI/TabButton', window renderer 'Core/TabButton' Look'N'Feel 'TaharezLook/TabButton' and RenderEffect ''. (00000008689FC660)
27/10/2021 17:19:18 (Std) 	Creating falagard mapping for type 'TaharezLook/TabControl' using base type 'CEGUI/TabControl', window renderer 'Core/TabControl' Look'N'Feel 'TaharezLook/TabControl' and RenderEffect ''. (00000008689FC660)
27/10/2021 17:19:18 (Std) 	Creating falagard mapping for type 'TaharezLook/TabContentPane' using base type 'DefaultWindow', window renderer 'Core/Default' Look'N'Feel 'TaharezLook/TabContentPane' and RenderEffect ''. (00000008689FC660)
27/10/2021 17:19:18 (Std) 	Creating falagard mapping for type 'TaharezLook/TabButtonPane' using base type 'DefaultWindow', window renderer 'Core/Default' Look'N'Feel 'TaharezLook/TabButtonPane' and RenderEffect ''. (00000008689FC660)
27/10/2021 17:19:18 (Std) 	Creating falagard mapping for type 'TaharezLook/ComboDropList' using base type 'CEGUI/ComboDropList', window renderer 'Core/Listbox' Look'N'Feel 'TaharezLook/ComboDropList' and RenderEffect ''. (00000008689FC660)
27/10/2021 17:19:18 (Std) 	Creating falagard mapping for type 'TaharezLook/ComboEditbox' using base type 'CEGUI/Editbox', window renderer 'Core/Editbox' Look'N'Feel 'TaharezLook/ComboEditbox' and RenderEffect ''. (00000008689FC660)
27/10/2021 17:19:18 (Std) 	Creating falagard mapping for type 'TaharezLook/Combobox' using base type 'CEGUI/Combobox', window renderer 'Core/Default' Look'N'Feel 'TaharezLook/Combobox' and RenderEffect ''. (00000008689FC660)
27/10/2021 17:19:18 (Std) 	Creating falagard mapping for type 'TaharezLook/Listbox' using base type 'CEGUI/Listbox', window renderer 'Core/Listbox' Look'N'Feel 'TaharezLook/Listbox' and RenderEffect ''. (00000008689FC660)
27/10/2021 17:19:18 (Std) 	Creating falagard mapping for type 'TaharezLook/ListHeader' using base type 'CEGUI/ListHeader', window renderer 'Core/ListHeader' Look'N'Feel 'TaharezLook/ListHeader' and RenderEffect ''. (00000008689FC660)
27/10/2021 17:19:18 (Std) 	Creating falagard mapping for type 'TaharezLook/ListHeaderSegment' using base type 'CEGUI/ListHeaderSegment', window renderer 'Core/ListHeaderSegment' Look'N'Feel 'TaharezLook/ListHeaderSegment' and RenderEffect ''. (00000008689FC660)
27/10/2021 17:19:18 (Std) 	Creating falagard mapping for type 'TaharezLook/MultiColumnList' using base type 'CEGUI/MultiColumnList', window renderer 'Core/MultiColumnList' Look'N'Feel 'TaharezLook/MultiColumnList' and RenderEffect ''. (00000008689FC660)
27/10/2021 17:19:18 (Std) 	Creating falagard mapping for type 'TaharezLook/Slider' using base type 'CEGUI/Slider', window renderer 'Core/Slider' Look'N'Feel 'TaharezLook/Slider' and RenderEffect ''. (00000008689FC660)
27/10/2021 17:19:18 (Std) 	Creating falagard mapping for type 'TaharezLook/SliderThumb' using base type 'CEGUI/Thumb', window renderer 'Core/Button' Look'N'Feel 'TaharezLook/SliderThumb' and RenderEffect ''. (00000008689FC660)
27/10/2021 17:19:18 (Std) 	Creating falagard mapping for type 'TaharezLook/ScrollablePane' using base type 'CEGUI/ScrollablePane', window renderer 'Core/ScrollablePane' Look'N'Feel 'TaharezLook/ScrollablePane' and RenderEffect ''. (00000008689FC660)
27/10/2021 17:19:18 (Std) 	Creating falagard mapping for type 'TaharezLook/Spinner' using base type 'CEGUI/Spinner', window renderer 'Core/Default' Look'N'Feel 'TaharezLook/Spinner' and RenderEffect ''. (00000008689FC660)
27/10/2021 17:19:18 (Std) 	Creating falagard mapping for type 'TaharezLook/Tooltip' using base type 'CEGUI/Tooltip', window renderer 'Core/Tooltip' Look'N'Feel 'TaharezLook/Tooltip' and RenderEffect ''. (00000008689FC660)
27/10/2021 17:19:18 (Std) 	Creating falagard mapping for type 'TaharezLook/StaticImage' using base type 'DefaultWindow', window renderer 'Core/StaticImage' Look'N'Feel 'TaharezLook/StaticImage' and RenderEffect ''. (00000008689FC660)
27/10/2021 17:19:18 (Std) 	Creating falagard mapping for type 'TaharezLook/StaticText' using base type 'DefaultWindow', window renderer 'Core/StaticText' Look'N'Feel 'TaharezLook/StaticText' and RenderEffect ''. (00000008689FC660)
27/10/2021 17:19:18 (Std) 	Creating falagard mapping for type 'TaharezLook/ItemListbox' using base type 'CEGUI/ItemListbox', window renderer 'Core/ItemListbox' Look'N'Feel 'TaharezLook/ItemListbox' and RenderEffect ''. (00000008689FC660)
27/10/2021 17:19:18 (Std) 	Creating falagard mapping for type 'TaharezLook/ListboxItem' using base type 'CEGUI/ItemEntry', window renderer 'Core/ItemEntry' Look'N'Feel 'TaharezLook/ListboxItem' and RenderEffect ''. (00000008689FC660)
27/10/2021 17:19:18 (Std) 	Creating falagard mapping for type 'TaharezLook/GroupBox' using base type 'DefaultWindow', window renderer 'Core/Default' Look'N'Feel 'TaharezLook/GroupBox' and RenderEffect ''. (00000008689FC660)
27/10/2021 17:19:18 (Std) 	Creating falagard mapping for type 'TaharezLook/Tree' using base type 'CEGUI/Tree', window renderer 'Core/Tree' Look'N'Feel 'TaharezLook/Tree' and RenderEffect ''. (00000008689FC660)
27/10/2021 17:19:18 (Std) 	[Direct3D11Renderer] Created texture: _d3d11_tt_tex_2
27/10/2021 17:19:18 (Std) 	---- Successfully completed loading of GUI layout from 'Achievements.layout' ----
